<?xml version="1.0" encoding="UTF-8"?>
<!-- Generated by org.testng.reporters.JUnitReportReporter -->
<testsuite hostname="FA059912" failures="0" tests="1" name="IATest" time="1.976" errors="0" timestamp="2025-01-21T18:06:11 IST" skipped="0">
  <testcase classname="IATest" name="PostResTest" time="1.976"/>
</testsuite> <!-- IATest -->
