<?xml version="1.0" encoding="UTF-8"?>
<testsuite xmlns:xsi="http://www.w3.org/2001/XMLSchema-instance" xsi:noNamespaceSchemaLocation="https://maven.apache.org/surefire/maven-surefire-plugin/xsd/surefire-test-report-3.0.xsd" version="3.0" name="IATest" time="2.504" tests="1" errors="0" skipped="0" failures="0">
  <properties>
    <property name="java.specification.version" value="15"/>
    <property name="sun.cpu.isalist" value="amd64"/>
    <property name="sun.jnu.encoding" value="Cp1252"/>
    <property name="java.class.path" value="C:\workspace\PD\RestAssuredAutomationIA\target\test-classes;C:\workspace\PD\RestAssuredAutomationIA\target\classes;C:\Users\kanika.chaudhary\.m2\repository\io\rest-assured\rest-assured\5.5.0\rest-assured-5.5.0.jar;C:\Users\kanika.chaudhary\.m2\repository\org\apache\groovy\groovy\4.0.22\groovy-4.0.22.jar;C:\Users\kanika.chaudhary\.m2\repository\org\apache\groovy\groovy-xml\4.0.22\groovy-xml-4.0.22.jar;C:\Users\kanika.chaudhary\.m2\repository\org\apache\httpcomponents\httpclient\4.5.13\httpclient-4.5.13.jar;C:\Users\kanika.chaudhary\.m2\repository\org\apache\httpcomponents\httpcore\4.4.13\httpcore-4.4.13.jar;C:\Users\kanika.chaudhary\.m2\repository\commons-logging\commons-logging\1.2\commons-logging-1.2.jar;C:\Users\kanika.chaudhary\.m2\repository\commons-codec\commons-codec\1.11\commons-codec-1.11.jar;C:\Users\kanika.chaudhary\.m2\repository\org\apache\httpcomponents\httpmime\4.5.13\httpmime-4.5.13.jar;C:\Users\kanika.chaudhary\.m2\repository\org\hamcrest\hamcrest\2.2\hamcrest-2.2.jar;C:\Users\kanika.chaudhary\.m2\repository\org\ccil\cowan\tagsoup\tagsoup\1.2.1\tagsoup-1.2.1.jar;C:\Users\kanika.chaudhary\.m2\repository\io\rest-assured\json-path\5.5.0\json-path-5.5.0.jar;C:\Users\kanika.chaudhary\.m2\repository\org\apache\groovy\groovy-json\4.0.22\groovy-json-4.0.22.jar;C:\Users\kanika.chaudhary\.m2\repository\io\rest-assured\rest-assured-common\5.5.0\rest-assured-common-5.5.0.jar;C:\Users\kanika.chaudhary\.m2\repository\io\rest-assured\xml-path\5.5.0\xml-path-5.5.0.jar;C:\Users\kanika.chaudhary\.m2\repository\org\apache\commons\commons-lang3\3.11\commons-lang3-3.11.jar;C:\Users\kanika.chaudhary\.m2\repository\org\testng\testng\7.10.2\testng-7.10.2.jar;C:\Users\kanika.chaudhary\.m2\repository\org\slf4j\slf4j-api\1.7.36\slf4j-api-1.7.36.jar;C:\Users\kanika.chaudhary\.m2\repository\com\beust\jcommander\1.82\jcommander-1.82.jar;C:\Users\kanika.chaudhary\.m2\repository\org\webjars\jquery\3.7.1\jquery-3.7.1.jar;C:\Users\kanika.chaudhary\.m2\repository\com\googlecode\json-simple\json-simple\1.1.1\json-simple-1.1.1.jar;C:\Users\kanika.chaudhary\.m2\repository\junit\junit\4.10\junit-4.10.jar;C:\Users\kanika.chaudhary\.m2\repository\org\hamcrest\hamcrest-core\1.1\hamcrest-core-1.1.jar;"/>
    <property name="java.vm.vendor" value="Oracle Corporation"/>
    <property name="sun.arch.data.model" value="64"/>
    <property name="user.variant" value=""/>
    <property name="java.vendor.url" value="https://java.oracle.com/"/>
    <property name="user.timezone" value="Asia/Calcutta"/>
    <property name="os.name" value="Windows 10"/>
    <property name="java.vm.specification.version" value="15"/>
    <property name="sun.java.launcher" value="SUN_STANDARD"/>
    <property name="user.country" value="US"/>
    <property name="sun.boot.library.path" value="C:\Program Files\Java\jdk-15.0.2\bin"/>
    <property name="sun.java.command" value="C:\Users\kanika.chaudhary\AppData\Local\Temp\surefire16532339278605650517\surefirebooter-20250121180608816_3.jar C:\Users\kanika.chaudhary\AppData\Local\Temp\surefire16532339278605650517 2025-01-21T18-06-08_079-jvmRun1 surefire-20250121180608816_1tmp surefire_0-20250121180608816_2tmp"/>
    <property name="jdk.debug" value="release"/>
    <property name="surefire.test.class.path" value="C:\workspace\PD\RestAssuredAutomationIA\target\test-classes;C:\workspace\PD\RestAssuredAutomationIA\target\classes;C:\Users\kanika.chaudhary\.m2\repository\io\rest-assured\rest-assured\5.5.0\rest-assured-5.5.0.jar;C:\Users\kanika.chaudhary\.m2\repository\org\apache\groovy\groovy\4.0.22\groovy-4.0.22.jar;C:\Users\kanika.chaudhary\.m2\repository\org\apache\groovy\groovy-xml\4.0.22\groovy-xml-4.0.22.jar;C:\Users\kanika.chaudhary\.m2\repository\org\apache\httpcomponents\httpclient\4.5.13\httpclient-4.5.13.jar;C:\Users\kanika.chaudhary\.m2\repository\org\apache\httpcomponents\httpcore\4.4.13\httpcore-4.4.13.jar;C:\Users\kanika.chaudhary\.m2\repository\commons-logging\commons-logging\1.2\commons-logging-1.2.jar;C:\Users\kanika.chaudhary\.m2\repository\commons-codec\commons-codec\1.11\commons-codec-1.11.jar;C:\Users\kanika.chaudhary\.m2\repository\org\apache\httpcomponents\httpmime\4.5.13\httpmime-4.5.13.jar;C:\Users\kanika.chaudhary\.m2\repository\org\hamcrest\hamcrest\2.2\hamcrest-2.2.jar;C:\Users\kanika.chaudhary\.m2\repository\org\ccil\cowan\tagsoup\tagsoup\1.2.1\tagsoup-1.2.1.jar;C:\Users\kanika.chaudhary\.m2\repository\io\rest-assured\json-path\5.5.0\json-path-5.5.0.jar;C:\Users\kanika.chaudhary\.m2\repository\org\apache\groovy\groovy-json\4.0.22\groovy-json-4.0.22.jar;C:\Users\kanika.chaudhary\.m2\repository\io\rest-assured\rest-assured-common\5.5.0\rest-assured-common-5.5.0.jar;C:\Users\kanika.chaudhary\.m2\repository\io\rest-assured\xml-path\5.5.0\xml-path-5.5.0.jar;C:\Users\kanika.chaudhary\.m2\repository\org\apache\commons\commons-lang3\3.11\commons-lang3-3.11.jar;C:\Users\kanika.chaudhary\.m2\repository\org\testng\testng\7.10.2\testng-7.10.2.jar;C:\Users\kanika.chaudhary\.m2\repository\org\slf4j\slf4j-api\1.7.36\slf4j-api-1.7.36.jar;C:\Users\kanika.chaudhary\.m2\repository\com\beust\jcommander\1.82\jcommander-1.82.jar;C:\Users\kanika.chaudhary\.m2\repository\org\webjars\jquery\3.7.1\jquery-3.7.1.jar;C:\Users\kanika.chaudhary\.m2\repository\com\googlecode\json-simple\json-simple\1.1.1\json-simple-1.1.1.jar;C:\Users\kanika.chaudhary\.m2\repository\junit\junit\4.10\junit-4.10.jar;C:\Users\kanika.chaudhary\.m2\repository\org\hamcrest\hamcrest-core\1.1\hamcrest-core-1.1.jar;"/>
    <property name="sun.cpu.endian" value="little"/>
    <property name="user.home" value="C:\Users\kanika.chaudhary"/>
    <property name="user.language" value="en"/>
    <property name="java.specification.vendor" value="Oracle Corporation"/>
    <property name="java.version.date" value="2021-01-19"/>
    <property name="java.home" value="C:\Program Files\Java\jdk-15.0.2"/>
    <property name="file.separator" value="\"/>
    <property name="basedir" value="C:\workspace\PD\RestAssuredAutomationIA"/>
    <property name="java.vm.compressedOopsMode" value="Zero based"/>
    <property name="line.separator" value="&#10;"/>
    <property name="java.vm.specification.vendor" value="Oracle Corporation"/>
    <property name="java.specification.name" value="Java Platform API Specification"/>
    <property name="surefire.real.class.path" value="C:\Users\kanika.chaudhary\AppData\Local\Temp\surefire16532339278605650517\surefirebooter-20250121180608816_3.jar"/>
    <property name="user.script" value=""/>
    <property name="sun.management.compiler" value="HotSpot 64-Bit Tiered Compilers"/>
    <property name="java.runtime.version" value="15.0.2+7-27"/>
    <property name="user.name" value="kanika.chaudhary"/>
    <property name="path.separator" value=";"/>
    <property name="os.version" value="10.0"/>
    <property name="java.runtime.name" value="Java(TM) SE Runtime Environment"/>
    <property name="file.encoding" value="Cp1252"/>
    <property name="java.vm.name" value="Java HotSpot(TM) 64-Bit Server VM"/>
    <property name="localRepository" value="C:\Users\kanika.chaudhary\.m2\repository"/>
    <property name="java.vendor.url.bug" value="https://bugreport.java.com/bugreport/"/>
    <property name="java.io.tmpdir" value="C:\Users\KANIKA~1.CHA\AppData\Local\Temp\"/>
    <property name="java.version" value="15.0.2"/>
    <property name="user.dir" value="C:\workspace\PD\RestAssuredAutomationIA"/>
    <property name="os.arch" value="amd64"/>
    <property name="java.vm.specification.name" value="Java Virtual Machine Specification"/>
    <property name="sun.os.patch.level" value=""/>
    <property name="java.library.path" value="C:\Program Files\Java\jdk-15.0.2\bin;C:\WINDOWS\Sun\Java\bin;C:\WINDOWS\system32;C:\WINDOWS;C:\WINDOWS\system32;C:\WINDOWS;C:\WINDOWS\System32\Wbem;C:\WINDOWS\System32\WindowsPowerShell\v1.0\;C:\WINDOWS\System32\OpenSSH\;C:\Program Files\PuTTY\;C:\Users\kanika.chaudhary\AppData\Local\Android\Sdk\platform-tools;C:\Users\kanika.chaudhary\AppData\Local\Android\Sdk\tools;C:\Users\kanika.chaudhary\AppData\Local\Android\Sdk\build-tools;C:\Program Files\Java\jdk-15.0.2\bin;C:\Users\kanika.chaudhary\AppData\Local\Programs\Python\Python311;C:\Users\kanika.chaudhary\AppData\Local\Programs\Python\Python311\Scripts;C:\Program Files\Docker\Docker\resources\bin;C:\Users\kanika.chaudhary\Downloads\apache-maven-3.9.6-bin\apache-maven-3.9.6\bin;%NVM_HOME%;%NVM_SYMLINK%;C:\Users\kanika.chaudhary\AppData\Local\Programs\Python\Python311\Scripts\;C:\Users\kanika.chaudhary\AppData\Local\Programs\Python\Python311\;C:\Users\kanika.chaudhary\AppData\Local\Microsoft\WindowsApps;C:\Users\kanika.chaudhary\AppData\Local\Programs\Git\cmd;C:\Users\kanika.chaudhary\AppData\Local\Programs\Microsoft VS Code\bin;."/>
    <property name="java.vm.info" value="mixed mode, sharing"/>
    <property name="java.vendor" value="Oracle Corporation"/>
    <property name="java.vm.version" value="15.0.2+7-27"/>
    <property name="sun.io.unicode.encoding" value="UnicodeLittle"/>
    <property name="java.class.version" value="59.0"/>
  </properties>
  <testcase name="PostResTest" classname="IATest" time="1.976">
    <system-out><![CDATA[{"name":"morpheus","job":"leader"}
HTTP/1.1 201 Created
Date: Tue, 21 Jan 2025 12:36:11 GMT
Content-Type: application/json; charset=utf-8
Content-Length: 51
Connection: keep-alive
Report-To: {"group":"heroku-nel","max_age":3600,"endpoints":[{"url":"https://nel.heroku.com/reports?ts=1737462971&sid=c4c9725f-1ab0-44d8-820f-430df2718e11&s=d7qscjBHyCqHitKCPZ43lkkgESfmDZWfGsJ8xLlM4Tk%3D"}]}
Reporting-Endpoints: heroku-nel=https://nel.heroku.com/reports?ts=1737462971&sid=c4c9725f-1ab0-44d8-820f-430df2718e11&s=d7qscjBHyCqHitKCPZ43lkkgESfmDZWfGsJ8xLlM4Tk%3D
Nel: {"report_to":"heroku-nel","max_age":3600,"success_fraction":0.005,"failure_fraction":0.05,"response_headers":["Via"]}
X-Powered-By: Express
Access-Control-Allow-Origin: *
Etag: W/"33-rzL8XARTnAMsCn7sTqyZQQxZiGw"
Via: 1.1 vegur
cf-cache-status: DYNAMIC
Server: cloudflare
CF-RAY: 90575931de255999-DEL
server-timing: cfL4;desc="?proto=TCP&rtt=9393&min_rtt=5842&rtt_var=5530&sent=7&recv=7&lost=0&retrans=0&sent_bytes=3107&recv_bytes=796&delivery_rate=482026&cwnd=252&unsent_bytes=0&cid=ebcda5da8d013bcc&ts=524&x=0"

{
    "id": "687",
    "createdAt": "2025-01-21T12:36:11.495Z"
}
]]></system-out>
    <system-err><![CDATA[SLF4J: Failed to load class "org.slf4j.impl.StaticLoggerBinder".
SLF4J: Defaulting to no-operation (NOP) logger implementation
SLF4J: See http://www.slf4j.org/codes.html#StaticLoggerBinder for further details.
]]></system-err>
  </testcase>
</testsuite>