<?xml version="1.0" encoding="UTF-8"?>
<!-- Generated by org.testng.reporters.JUnitReportReporter -->
<testsuite hostname="FA059912" failures="0" tests="2" name="RestAssured.IATest" time="5.918" errors="0" timestamp="2025-01-24T10:03:07 IST" skipped="0">
  <testcase classname="RestAssured.IATest" name="testAddBooking_MissingFirstName" time="2.627"/>
  <system-out>
    <![CDATA[testAddBooking_MissingFirstName: PASSED]]>
  </system-out>
  <testcase classname="RestAssured.IATest" name="testAddBooking_PositiveScenario" time="3.291"/>
  <system-out>
    <![CDATA[testAddBooking_PositiveScenario: PASSED]]>
  </system-out>
</testsuite> <!-- RestAssured.IATest -->
