<?xml version="1.0" encoding="UTF-8"?>
<!-- Generated by org.testng.reporters.JUnitReportReporter -->
<testsuite hostname="FA059912" failures="0" tests="1" name="RestAssured.NewTest" time="0.002" errors="0" timestamp="2025-01-24T04:20:46 IST" skipped="0">
  <testcase classname="RestAssured.NewTest" name="f" time="0.002"/>
  <system-out/>
</testsuite> <!-- RestAssured.NewTest -->
